Using pre-set license
Built from '2020.3/staging' branch; Version is '2020.3.5f1 (8095aa901b9b) revision 8426922'; Using compiler version '192528614'; Build Type 'Release'
OS: 'Windows 10 Pro; OS build 22621.1413; Version 2009; 64bit' Language: 'uk' Physical Memory: 16264 MB
BatchMode: 1, IsHumanControllingUs: 0, StartBugReporterOnCrash: 0, Is64bit: 1, IsPro: 0

 COMMAND LINE ARGUMENTS:
C:\Program Files\Unity\Hub\Editor\2020.3.5f1\Editor\Unity.exe
-adb2
-batchMode
-noUpm
-name
AssetImportWorker0
-projectPath
C:/Users/Owner/Desktop/Lab04
-logFile
Logs/AssetImportWorker0.log
-srvPort
64729
Successfully changed project path to: C:/Users/Owner/Desktop/Lab04
C:/Users/Owner/Desktop/Lab04
Using Asset Import Pipeline V2.
Refreshing native plugins compatible for Editor in 32.15 ms, found 0 plugins.
Preloading 0 native plugins for Editor in 0.00 ms.
Initialize engine version: 2020.3.5f1 (8095aa901b9b)
[Subsystems] Discovering subsystems at path C:/Program Files/Unity/Hub/Editor/2020.3.5f1/Editor/Data/Resources/UnitySubsystems
[Subsystems] Discovering subsystems at path C:/Users/Owner/Desktop/Lab04/Assets
GfxDevice: creating device client; threaded=0
Direct3D:
    Version:  Direct3D 11.0 [level 11.1]
    Renderer: NVIDIA GeForce GTX 1650 (ID=0x1f91)
    Vendor:   
    VRAM:     3949 MB
    Driver:   31.0.15.3161
Initialize mono
Mono path[0] = 'C:/Program Files/Unity/Hub/Editor/2020.3.5f1/Editor/Data/Managed'
Mono path[1] = 'C:/Program Files/Unity/Hub/Editor/2020.3.5f1/Editor/Data/MonoBleedingEdge/lib/mono/unityjit'
Mono config path = 'C:/Program Files/Unity/Hub/Editor/2020.3.5f1/Editor/Data/MonoBleedingEdge/etc'
Using monoOptions --debugger-agent=transport=dt_socket,embedding=1,server=y,suspend=n,address=127.0.0.1:56312
Begin MonoManager ReloadAssembly
Registering precompiled unity dll's ...
Register platform support module: C:/Program Files/Unity/Hub/Editor/2020.3.5f1/Editor/Data/PlaybackEngines/WindowsStandaloneSupport/UnityEditor.WindowsStandalone.Extensions.dll
Registered in 0.001656 seconds.
Native extension for WindowsStandalone target not found
Refreshing native plugins compatible for Editor in 26.66 ms, found 0 plugins.
Preloading 0 native plugins for Editor in 0.00 ms.
Mono: successfully reloaded assembly
- Completed reload, in  4.581 seconds
Platform modules already initialized, skipping
Registering precompiled user dll's ...
Registered in 0.000767 seconds.
Begin MonoManager ReloadAssembly
Native extension for WindowsStandalone target not found
Refreshing native plugins compatible for Editor in 26.16 ms, found 0 plugins.
Preloading 0 native plugins for Editor in 0.00 ms.
Mono: successfully reloaded assembly
- Completed reload, in  0.997 seconds
Platform modules already initialized, skipping
========================================================================
Worker process is ready to serve import requests
Launched and connected shader compiler UnityShaderCompiler.exe after 0.08 seconds
Refreshing native plugins compatible for Editor in 0.61 ms, found 0 plugins.
Preloading 0 native plugins for Editor in 0.00 ms.
Unloading 1521 Unused Serialized files (Serialized files now loaded: 0)
System memory in use before: 69.2 MB.
System memory in use after: 69.3 MB.

Unloading 12 unused Assets to reduce memory usage. Loaded Objects now: 1963.
Total: 2.357400 ms (FindLiveObjects: 0.386800 ms CreateObjectMapping: 0.194100 ms MarkObjects: 1.702500 ms  DeleteObjects: 0.072800 ms)

========================================================================
Received Import Request.
  path: Assets/Prefabs/PopFace.prefab
  artifactKey: Guid(bae15986bb236f04d993ca7923d9f035) Importer(815301076,1909f56bfc062723c751e8b465ee728b)
Start importing Assets/Prefabs/PopFace.prefab using Guid(bae15986bb236f04d993ca7923d9f035) Importer(815301076,1909f56bfc062723c751e8b465ee728b)  -> (artifact id: '201d5be0e0cc959d36cd5ff5127a28ea') in 0.099703 seconds
  Import took 0.103066 seconds .

========================================================================
Received Import Request.
  Time since last request: 0.000414 seconds.
  path: Assets/Prefabs/AR Default Face.prefab
  artifactKey: Guid(1c877f433f0807045a2962a751b086f0) Importer(815301076,1909f56bfc062723c751e8b465ee728b)
Start importing Assets/Prefabs/AR Default Face.prefab using Guid(1c877f433f0807045a2962a751b086f0) Importer(815301076,1909f56bfc062723c751e8b465ee728b)  -> (artifact id: 'dbb844f24bc429f6969a55357a6eacc6') in 0.015430 seconds
  Import took 0.018976 seconds .

========================================================================
Received Import Request.
  Time since last request: 0.000627 seconds.
  path: Assets/Prefabs/ImageRandomizer.prefab
  artifactKey: Guid(6b1c4fd044803ac49bb1d1bc317b552a) Importer(815301076,1909f56bfc062723c751e8b465ee728b)
Start importing Assets/Prefabs/ImageRandomizer.prefab using Guid(6b1c4fd044803ac49bb1d1bc317b552a) Importer(815301076,1909f56bfc062723c751e8b465ee728b)  -> (artifact id: 'd2cd05aeada663d2ec1c6f9e5a432771') in 0.151394 seconds
  Import took 0.155057 seconds .

========================================================================
Received Import Request.
  Time since last request: 0.000339 seconds.
  path: Assets/Prefabs/PopFace2.prefab
  artifactKey: Guid(a2c75c71e4145884da6a3a11b3158866) Importer(815301076,1909f56bfc062723c751e8b465ee728b)
Start importing Assets/Prefabs/PopFace2.prefab using Guid(a2c75c71e4145884da6a3a11b3158866) Importer(815301076,1909f56bfc062723c751e8b465ee728b)  -> (artifact id: '1a5812cfb86dc486480e32a151271b93') in 0.015644 seconds
  Import took 0.019353 seconds .

========================================================================
Received Import Request.
  Time since last request: 0.000338 seconds.
  path: Assets/Scenes/SampleScene.unity
  artifactKey: Guid(9fc0d4010bbf28b4594072e72b8655ab) Importer(815301076,1909f56bfc062723c751e8b465ee728b)
Start importing Assets/Scenes/SampleScene.unity using Guid(9fc0d4010bbf28b4594072e72b8655ab) Importer(815301076,1909f56bfc062723c751e8b465ee728b)  -> (artifact id: 'a7ae56eaf6bff7b6c519fd76b2053864') in 0.012796 seconds
  Import took 0.016862 seconds .

========================================================================
Received Import Request.
  Time since last request: 10.441007 seconds.
  path: Assets/Scenes/ImageRandomizer.unity
  artifactKey: Guid(a7d7f44f6fcdc6448a042809a7edd1c3) Importer(815301076,1909f56bfc062723c751e8b465ee728b)
Start importing Assets/Scenes/ImageRandomizer.unity using Guid(a7d7f44f6fcdc6448a042809a7edd1c3) Importer(815301076,1909f56bfc062723c751e8b465ee728b)  -> (artifact id: '0b6d382e12385dcc5c186e489b914fd6') in 0.015070 seconds
  Import took 0.020085 seconds .

========================================================================
Received Prepare
Registering precompiled user dll's ...
Registered in 0.002551 seconds.
Begin MonoManager ReloadAssembly
Native extension for WindowsStandalone target not found
Refreshing native plugins compatible for Editor in 0.33 ms, found 0 plugins.
Preloading 0 native plugins for Editor in 0.00 ms.
Mono: successfully reloaded assembly
- Completed reload, in  1.012 seconds
Platform modules already initialized, skipping
Switching build target platform(5) subTarget(0) extendedPlatform(0) -> platform(13) subTarget(524288) extendedPlatform(0)
Refreshing native plugins compatible for Editor in 0.40 ms, found 0 plugins.
Preloading 0 native plugins for Editor in 0.00 ms.
Unloading 1511 Unused Serialized files (Serialized files now loaded: 0)
System memory in use before: 71.8 MB.
System memory in use after: 71.9 MB.

Unloading 7 unused Assets to reduce memory usage. Loaded Objects now: 1974.
Total: 5.729200 ms (FindLiveObjects: 0.597000 ms CreateObjectMapping: 0.266500 ms MarkObjects: 4.786200 ms  DeleteObjects: 0.076400 ms)

AssetImportParameters requested are different than current active one (requested -> active):
  custom:graphics/normal-map-encoding: 01000000000000000000000000000000 -> 02000000000000000000000000000000
AssetImportWorkerClient::OnTransportError - code=2 error=End of file
